[0m12:35:37.008356 [debug] [MainThread]: Sending event: {'category': 'dbt', 'action': 'invocation', 'label': 'start', 'context': [<snowplow_tracker.self_describing_json.SelfDescribingJson object at 0x7f463f5eaa40>, <snowplow_tracker.self_describing_json.SelfDescribingJson object at 0x7f463d5e3820>, <snowplow_tracker.self_describing_json.SelfDescribingJson object at 0x7f463d5e38b0>]}


============================== 12:35:37.012127 | 87d181ae-40d1-4edc-abea-a2711ad76c41 ==============================
[0m12:35:37.012127 [info ] [MainThread]: Running with dbt=1.6.1
[0m12:35:37.013250 [debug] [MainThread]: running dbt with arguments {'printer_width': '80', 'indirect_selection': 'eager', 'log_cache_events': 'False', 'write_json': 'True', 'partial_parse': 'True', 'cache_selected_only': 'False', 'profiles_dir': '/home/codespace/.dbt', 'version_check': 'True', 'debug': 'False', 'log_path': 'logs', 'warn_error': 'None', 'fail_fast': 'False', 'use_colors': 'True', 'use_experimental_parser': 'False', 'no_print': 'None', 'quiet': 'False', 'warn_error_options': 'WarnErrorOptions(include=[], exclude=[])', 'invocation_command': 'dbt init', 'log_format': 'default', 'static_parser': 'True', 'target_path': 'None', 'introspect': 'True', 'send_anonymous_usage_stats': 'True'}
[0m12:35:37.014285 [warn ] [MainThread]: [ConfigFolderDirectory]: Unable to parse dict {'dir': PosixPath('/home/codespace/.dbt')}
[0m12:35:37.015166 [info ] [MainThread]: Creating dbt configuration folder at 
[0m12:36:25.051723 [debug] [MainThread]: Starter project path: /usr/local/python/3.10.13/lib/python3.10/site-packages/dbt/include/starter_project
[0m12:36:25.073237 [info ] [MainThread]: 
Your new dbt project "nyc_parking_violations" was created!

For more information on how to configure the profiles.yml file,
please consult the dbt documentation here:

  https://docs.getdbt.com/docs/configure-your-profile

One more thing:

Need help? Don't hesitate to reach out to us via GitHub issues or on Slack:

  https://community.getdbt.com/

Happy modeling!

[0m12:36:25.074161 [info ] [MainThread]: Setting up your profile.
[0m12:37:04.883211 [info ] [MainThread]: No sample profile found for duckdb.
[0m12:37:04.884322 [debug] [MainThread]: Command `dbt init` succeeded at 12:37:04.884179 after 87.88 seconds
[0m12:37:04.884980 [debug] [MainThread]: Sending event: {'category': 'dbt', 'action': 'invocation', 'label': 'end', 'context': [<snowplow_tracker.self_describing_json.SelfDescribingJson object at 0x7f463f5eaa40>, <snowplow_tracker.self_describing_json.SelfDescribingJson object at 0x7f464185d810>, <snowplow_tracker.self_describing_json.SelfDescribingJson object at 0x7f463d5e3970>]}
[0m12:37:04.885621 [debug] [MainThread]: Flushing usage events
